npm verb cli C:\Program Files\nodejs\node.exe C:\Users\m.falcic\AppData\Roaming\npm\node_modules\npm\bin\npm-cli.js
npm info using npm@9.8.1
npm info using node@v16.17.1
npm verb title npm install
npm verb argv "install" "--legacy-peer-deps" "--loglevel" "verbose"
npm verb logfile logs-max:10 dir:C:\Users\m.falcic\AppData\Local\npm-cache\_logs\2024-02-08T10_56_48_465Z-
npm verb logfile C:\Users\m.falcic\AppData\Local\npm-cache\_logs\2024-02-08T10_56_48_465Z-debug-0.log
npm http fetch GET 200 https://registry.npmjs.org/browserstack-cypress-cli 243ms (cache revalidated)
npm http fetch GET 200 https://registry.npmjs.org/cypress 83ms (cache revalidated)
npm http fetch GET 200 https://registry.npmjs.org/request 498ms (cache revalidated)
npm http fetch GET 200 https://registry.npmjs.org/gitconfiglocal 526ms (cache revalidated)
npm http fetch GET 200 https://registry.npmjs.org/cli-progress 538ms (cache revalidated)
npm http fetch GET 200 https://registry.npmjs.org/fs-extra 537ms (cache revalidated)
npm http fetch GET 200 https://registry.npmjs.org/uuid 530ms (cache revalidated)
npm http fetch GET 200 https://registry.npmjs.org/node-ipc 541ms (cache revalidated)
npm http fetch GET 200 https://registry.npmjs.org/mkdirp 559ms (cache revalidated)
npm http fetch GET 200 https://registry.npmjs.org/table 573ms (cache revalidated)
npm http fetch GET 200 https://registry.npmjs.org/glob 587ms (cache revalidated)
npm http fetch GET 200 https://registry.npmjs.org/update-notifier 591ms (cache revalidated)
npm http fetch GET 200 https://registry.npmjs.org/requestretry 595ms (cache revalidated)
npm http fetch GET 200 https://registry.npmjs.org/blob-util 579ms (cache revalidated)
npm http fetch GET 200 https://registry.npmjs.org/async 616ms (cache revalidated)
npm http fetch GET 200 https://registry.npmjs.org/mocha 610ms (cache revalidated)
npm http fetch GET 200 https://registry.npmjs.org/yargs 615ms (cache revalidated)
npm http fetch GET 200 https://registry.npmjs.org/@types%2fsinonjs__fake-timers 613ms (cache revalidated)
npm http fetch GET 200 https://registry.npmjs.org/@types%2fsizzle 614ms (cache revalidated)
npm http fetch GET 200 https://registry.npmjs.org/chalk 641ms (cache revalidated)
npm http fetch GET 200 https://registry.npmjs.org/archiver 651ms (cache revalidated)
npm http fetch GET 200 https://registry.npmjs.org/buffer 621ms (cache revalidated)
npm http fetch GET 200 https://registry.npmjs.org/arch 633ms (cache revalidated)
npm http fetch GET 200 https://registry.npmjs.org/chalk 632ms (cache revalidated)
npm http fetch GET 200 https://registry.npmjs.org/check-more-types 635ms (cache revalidated)
npm http fetch GET 200 https://registry.npmjs.org/commander 641ms (cache revalidated)
npm http fetch GET 200 https://registry.npmjs.org/bluebird 656ms (cache revalidated)
npm http fetch GET 200 https://registry.npmjs.org/cachedir 661ms (cache revalidated)
npm http fetch GET 200 https://registry.npmjs.org/cli-cursor 678ms (cache revalidated)
npm http fetch GET 200 https://registry.npmjs.org/cli-table3 678ms (cache revalidated)
npm http fetch GET 200 https://registry.npmjs.org/decompress 698ms (cache revalidated)
npm http fetch GET 200 https://registry.npmjs.org/winston 701ms (cache revalidated)
npm http fetch GET 200 https://registry.npmjs.org/debug 677ms (cache revalidated)
npm http fetch GET 200 https://registry.npmjs.org/fs-extra 677ms (cache revalidated)
npm http fetch GET 200 https://registry.npmjs.org/enquirer 685ms (cache revalidated)
npm http fetch GET 200 https://registry.npmjs.org/@cypress%2frequest 721ms (cache revalidated)
npm http fetch GET 200 https://registry.npmjs.org/dayjs 705ms (cache revalidated)
npm http fetch GET 200 https://registry.npmjs.org/extract-zip 705ms (cache revalidated)
npm http fetch GET 200 https://registry.npmjs.org/is-installed-globally 712ms (cache revalidated)
npm http fetch GET 200 https://registry.npmjs.org/execa 721ms (cache revalidated)
npm http fetch GET 200 https://registry.npmjs.org/executable 722ms (cache revalidated)
npm http fetch GET 200 https://registry.npmjs.org/eventemitter2 725ms (cache revalidated)
npm http fetch GET 200 https://registry.npmjs.org/common-tags 732ms (cache revalidated)
npm http fetch GET 200 https://registry.npmjs.org/figures 733ms (cache revalidated)
npm http fetch GET 200 https://registry.npmjs.org/is-ci 745ms (cache revalidated)
npm http fetch GET 200 https://registry.npmjs.org/@cypress%2fxvfb 798ms (cache revalidated)
npm http fetch GET 200 https://registry.npmjs.org/getos 772ms (cache revalidated)
npm http fetch GET 200 https://registry.npmjs.org/lodash 765ms (cache revalidated)
npm http fetch GET 200 https://registry.npmjs.org/pretty-bytes 763ms (cache revalidated)
npm http fetch GET 200 https://registry.npmjs.org/listr2 775ms (cache revalidated)
npm http fetch GET 200 https://registry.npmjs.org/minimist 787ms (cache revalidated)
npm http fetch GET 200 https://registry.npmjs.org/lazy-ass 802ms (cache revalidated)
npm http fetch GET 200 https://registry.npmjs.org/proxy-from-env 812ms (cache revalidated)
npm http fetch GET 200 https://registry.npmjs.org/log-symbols 818ms (cache revalidated)
npm http fetch GET 200 https://registry.npmjs.org/supports-color 814ms (cache revalidated)
npm http fetch GET 200 https://registry.npmjs.org/process 829ms (cache revalidated)
npm http fetch GET 200 https://registry.npmjs.org/request-progress 838ms (cache revalidated)
npm http fetch GET 200 https://registry.npmjs.org/semver 841ms (cache revalidated)
npm http fetch GET 200 https://registry.npmjs.org/tmp 844ms (cache revalidated)
npm http fetch GET 200 https://registry.npmjs.org/untildify 845ms (cache revalidated)
npm http fetch GET 200 https://registry.npmjs.org/yauzl 845ms (cache revalidated)
npm http fetch GET 200 https://registry.npmjs.org/browserstack-local 1114ms (cache revalidated)
npm http fetch GET 200 https://registry.npmjs.org/git-last-commit 1236ms (cache revalidated)
npm http fetch GET 200 https://registry.npmjs.org/getmac 1255ms (cache revalidated)
npm http fetch GET 200 https://registry.npmjs.org/git-repo-info 1293ms (cache revalidated)
npm http fetch GET 200 https://registry.npmjs.org/windows-release 1286ms (cache revalidated)
npm http fetch GET 200 https://registry.npmjs.org/ospath 1548ms (cache revalidated)
npm http fetch GET 200 https://registry.npmjs.org/archiver-utils 405ms (cache revalidated)
npm http fetch GET 200 https://registry.npmjs.org/https-proxy-agent 401ms (cache revalidated)
npm http fetch GET 200 https://registry.npmjs.org/zip-stream 405ms (cache revalidated)
npm http fetch GET 200 https://registry.npmjs.org/agent-base 400ms (cache revalidated)
npm http fetch GET 200 https://registry.npmjs.org/ansi-styles 398ms (cache revalidated)
npm http fetch GET 200 https://registry.npmjs.org/string-width 398ms (cache revalidated)
npm http fetch GET 200 https://registry.npmjs.org/make-dir 396ms (cache revalidated)
npm http fetch GET 200 https://registry.npmjs.org/tar-stream 420ms (cache revalidated)
npm http fetch GET 200 https://registry.npmjs.org/buffer-crc32 424ms (cache revalidated)
npm http fetch GET 200 https://registry.npmjs.org/readdir-glob 426ms (cache revalidated)
npm http fetch GET 200 https://registry.npmjs.org/decompress-unzip 412ms (cache revalidated)
npm http fetch GET 200 https://registry.npmjs.org/decompress-tar 417ms (cache revalidated)
npm http fetch GET 200 https://registry.npmjs.org/inherits 429ms (cache revalidated)
npm http fetch GET 200 https://registry.npmjs.org/readable-stream 460ms (cache revalidated)
npm http fetch GET 200 https://registry.npmjs.org/fs.realpath 443ms (cache revalidated)
npm http fetch GET 200 https://registry.npmjs.org/ps-tree 474ms (cache revalidated)
npm http fetch GET 200 https://registry.npmjs.org/path-is-absolute 452ms (cache revalidated)
npm http fetch GET 200 https://registry.npmjs.org/decompress-targz 483ms (cache revalidated)
npm http fetch GET 200 https://registry.npmjs.org/minimatch 470ms (cache revalidated)
npm http fetch GET 200 https://registry.npmjs.org/pify 494ms (cache revalidated)
npm http fetch GET 200 https://registry.npmjs.org/decompress-tarbz2 510ms (cache revalidated)
npm http fetch GET 200 https://registry.npmjs.org/jsonfile 507ms (cache revalidated)
npm http fetch GET 200 https://registry.npmjs.org/ini 505ms (cache revalidated)
npm http fetch GET 200 https://registry.npmjs.org/universalify 543ms (cache revalidated)
npm http fetch GET 200 https://registry.npmjs.org/@types%2fnode 553ms (cache revalidated)
npm http fetch GET 200 https://registry.npmjs.org/inflight 596ms (cache revalidated)
npm http fetch GET 200 https://registry.npmjs.org/once 595ms (cache revalidated)
npm http fetch GET 200 https://registry.npmjs.org/ansi-colors 605ms (cache revalidated)
npm http fetch GET 200 https://registry.npmjs.org/escape-string-regexp 602ms (cache revalidated)
npm http fetch GET 200 https://registry.npmjs.org/graceful-fs 623ms (cache revalidated)
npm http fetch GET 200 https://registry.npmjs.org/js-yaml 603ms (cache revalidated)
npm http fetch GET 200 https://registry.npmjs.org/graceful-fs 632ms (cache revalidated)
npm http fetch GET 200 https://registry.npmjs.org/browser-stdout 613ms (cache revalidated)
npm http fetch GET 200 https://registry.npmjs.org/ms 612ms (cache revalidated)
npm http fetch GET 200 https://registry.npmjs.org/strip-dirs 637ms (cache revalidated)
npm http fetch GET 200 https://registry.npmjs.org/chokidar 620ms (cache revalidated)
npm http fetch GET 200 https://registry.npmjs.org/diff 621ms (cache revalidated)
npm http fetch GET 200 https://registry.npmjs.org/minimatch 621ms (cache revalidated)
npm http fetch GET 200 https://registry.npmjs.org/strip-json-comments 621ms (cache revalidated)
npm http fetch GET 200 https://registry.npmjs.org/find-up 627ms (cache revalidated)
npm http fetch GET 200 https://registry.npmjs.org/he 628ms (cache revalidated)
npm http fetch GET 200 https://registry.npmjs.org/nanoid 632ms (cache revalidated)
npm http fetch GET 200 https://registry.npmjs.org/aws4 638ms (cache revalidated)
npm http fetch GET 200 https://registry.npmjs.org/yargs-parser 643ms (cache revalidated)
npm http fetch GET 200 https://registry.npmjs.org/form-data 639ms (cache revalidated)
npm http fetch GET 200 https://registry.npmjs.org/serialize-javascript 650ms (cache revalidated)
npm http fetch GET 200 https://registry.npmjs.org/event-pubsub 653ms (cache revalidated)
npm http fetch GET 200 https://registry.npmjs.org/yargs-unparser 654ms (cache revalidated)
npm http fetch GET 200 https://registry.npmjs.org/caseless 650ms (cache revalidated)
npm http fetch GET 200 https://registry.npmjs.org/workerpool 657ms (cache revalidated)
npm http fetch GET 200 https://registry.npmjs.org/js-queue 655ms (cache revalidated)
npm http fetch GET 200 https://registry.npmjs.org/http-signature 648ms (cache revalidated)
npm http fetch GET 200 https://registry.npmjs.org/extend 652ms (cache revalidated)
npm http fetch GET 200 https://registry.npmjs.org/forever-agent 651ms (cache revalidated)
npm http fetch GET 200 https://registry.npmjs.org/combined-stream 654ms (cache revalidated)
npm http fetch GET 200 https://registry.npmjs.org/extend 655ms (cache revalidated)
npm http fetch GET 200 https://registry.npmjs.org/mime-types 665ms (cache revalidated)
npm http fetch GET 200 https://registry.npmjs.org/aws-sign2 677ms (cache revalidated)
npm http fetch GET 200 https://registry.npmjs.org/har-validator 676ms (cache revalidated)
npm http fetch GET 200 https://registry.npmjs.org/json-stringify-safe 674ms (cache revalidated)
npm http fetch GET 200 https://registry.npmjs.org/qs 672ms (cache revalidated)
npm http fetch GET 200 https://registry.npmjs.org/is-typedarray 678ms (cache revalidated)
npm http fetch GET 200 https://registry.npmjs.org/safe-buffer 672ms (cache revalidated)
npm http fetch GET 200 https://registry.npmjs.org/isstream 680ms (cache revalidated)
npm http fetch GET 200 https://registry.npmjs.org/tunnel-agent 674ms (cache revalidated)
npm http fetch GET 200 https://registry.npmjs.org/string-width 670ms (cache revalidated)
npm http fetch GET 200 https://registry.npmjs.org/oauth-sign 682ms (cache revalidated)
npm http fetch GET 200 https://registry.npmjs.org/slice-ansi 683ms (cache revalidated)
npm http fetch GET 200 https://registry.npmjs.org/performance-now 809ms (cache revalidated)
npm http fetch GET 200 https://registry.npmjs.org/is-npm 795ms (cache revalidated)
npm http fetch GET 200 https://registry.npmjs.org/has-yarn 797ms (cache revalidated)
npm http fetch GET 200 https://registry.npmjs.org/ajv 809ms (cache revalidated)
npm http fetch GET 200 https://registry.npmjs.org/isstream 817ms (cache revalidated)
npm http fetch GET 200 https://registry.npmjs.org/decamelize 816ms (cache revalidated)
npm http fetch GET 200 https://registry.npmjs.org/pupa 827ms (cache revalidated)
npm http fetch GET 200 https://registry.npmjs.org/configstore 832ms (cache revalidated)
npm http fetch GET 200 https://registry.npmjs.org/tough-cookie 839ms (cache revalidated)
npm http fetch GET 200 https://registry.npmjs.org/semver-diff 829ms (cache revalidated)
npm http fetch GET 200 https://registry.npmjs.org/xdg-basedir 828ms (cache revalidated)
npm http fetch GET 200 https://registry.npmjs.org/import-lazy 834ms (cache revalidated)
npm http fetch GET 200 https://registry.npmjs.org/boxen 835ms (cache revalidated)
npm http fetch GET 200 https://registry.npmjs.org/eyes 825ms (cache revalidated)
npm http fetch GET 200 https://registry.npmjs.org/cycle 826ms (cache revalidated)
npm http fetch GET 200 https://registry.npmjs.org/is-yarn-global 834ms (cache revalidated)
npm http fetch GET 200 https://registry.npmjs.org/yargs-parser 816ms (cache revalidated)
npm http fetch GET 200 https://registry.npmjs.org/find-up 824ms (cache revalidated)
npm http fetch GET 200 https://registry.npmjs.org/require-directory 821ms (cache revalidated)
npm http fetch GET 200 https://registry.npmjs.org/cliui 826ms (cache revalidated)
npm http fetch GET 200 https://registry.npmjs.org/latest-version 837ms (cache revalidated)
npm http fetch GET 200 https://registry.npmjs.org/require-main-filename 821ms (cache revalidated)
npm http fetch GET 200 https://registry.npmjs.org/get-caller-file 827ms (cache revalidated)
npm http fetch GET 200 https://registry.npmjs.org/y18n 821ms (cache revalidated)
npm http fetch GET 200 https://registry.npmjs.org/colors 833ms (cache revalidated)
npm http fetch GET 200 https://registry.npmjs.org/which-module 824ms (cache revalidated)
npm http fetch GET 200 https://registry.npmjs.org/stack-trace 837ms (cache revalidated)
npm http fetch GET 200 https://registry.npmjs.org/set-blocking 830ms (cache revalidated)
npm http fetch GET 200 https://registry.npmjs.org/temp-fs 1094ms (cache revalidated)
npm http fetch GET 200 https://registry.npmjs.org/is-running 1108ms (cache revalidated)
npm http fetch GET 200 https://registry.npmjs.org/js-message 1241ms (cache revalidated)
npm http fetch GET 200 https://registry.npmjs.org/lodash.union 160ms (cache revalidated)
npm http fetch GET 200 https://registry.npmjs.org/lazystream 171ms (cache revalidated)
npm http fetch GET 200 https://registry.npmjs.org/string_decoder 157ms (cache revalidated)
npm http fetch GET 200 https://registry.npmjs.org/lodash.difference 168ms (cache revalidated)
npm http fetch GET 200 https://registry.npmjs.org/util-deprecate 160ms (cache revalidated)
npm http fetch GET 200 https://registry.npmjs.org/end-of-stream 160ms (cache revalidated)
npm http fetch GET 200 https://registry.npmjs.org/lodash.isplainobject 191ms (cache revalidated)
npm http fetch GET 200 https://registry.npmjs.org/normalize-path 190ms (cache revalidated)
npm http fetch GET 200 https://registry.npmjs.org/fs-constants 174ms (cache revalidated)
npm http fetch GET 200 https://registry.npmjs.org/bl 180ms (cache revalidated)
npm http fetch GET 200 https://registry.npmjs.org/lodash.defaults 206ms (cache revalidated)
npm http fetch GET 200 https://registry.npmjs.org/compress-commons 178ms (cache revalidated)
npm http fetch GET 200 https://registry.npmjs.org/lodash.flatten 205ms (cache revalidated)
npm http fetch GET 200 https://registry.npmjs.org/process-nextick-args 78ms (cache revalidated)
npm http fetch GET 200 https://registry.npmjs.org/core-util-is 84ms (cache revalidated)
npm http fetch GET 200 https://registry.npmjs.org/isarray 95ms (cache revalidated)
npm http fetch GET 200 https://registry.npmjs.org/event-stream 86ms (cache revalidated)
npm http fetch GET 200 https://registry.npmjs.org/rimraf 91ms (cache revalidated)
npm http fetch GET 200 https://registry.npmjs.org/color-convert 69ms (cache revalidated)
npm http fetch GET 200 https://registry.npmjs.org/has-flag 66ms (cache revalidated)
npm http fetch GET 200 https://registry.npmjs.org/color-name 116ms (cache revalidated)
npm http fetch GET 200 https://registry.npmjs.org/strip-ansi 51ms (cache revalidated)
npm http fetch GET 200 https://registry.npmjs.org/is-fullwidth-code-point 56ms (cache revalidated)
npm http fetch GET 200 https://registry.npmjs.org/emoji-regex 67ms (cache revalidated)
npm http fetch GET 200 https://registry.npmjs.org/ieee754 316ms (cache revalidated)
npm http fetch GET 200 https://registry.npmjs.org/get-stream 300ms (cache revalidated)
npm http fetch GET 200 https://registry.npmjs.org/lodash.once 326ms (cache revalidated)
npm http fetch GET 200 https://registry.npmjs.org/get-stream 303ms (cache revalidated)
npm http fetch GET 200 https://registry.npmjs.org/npm-run-path 310ms (cache revalidated)
npm http fetch GET 200 https://registry.npmjs.org/is-stream 321ms (cache revalidated)
npm http fetch GET 200 https://registry.npmjs.org/onetime 318ms (cache revalidated)
npm http fetch GET 200 https://registry.npmjs.org/@colors%2fcolors 337ms (cache revalidated)
npm http fetch GET 200 https://registry.npmjs.org/base64-js 346ms (cache revalidated)
npm http fetch GET 200 https://registry.npmjs.org/strip-final-newline 322ms (cache revalidated)
npm http fetch GET 200 https://registry.npmjs.org/human-signals 331ms (cache revalidated)
npm http fetch GET 200 https://registry.npmjs.org/signal-exit 325ms (cache revalidated)
npm http fetch GET 200 https://registry.npmjs.org/@types%2fyauzl 322ms (cache revalidated)
npm http fetch GET 200 https://registry.npmjs.org/restore-cursor 350ms (cache revalidated)
npm http fetch GET 200 https://registry.npmjs.org/ci-info 337ms (cache revalidated)
npm http fetch GET 200 https://registry.npmjs.org/cross-spawn 373ms (cache revalidated)
npm http fetch GET 200 https://registry.npmjs.org/log-update 338ms (cache revalidated)
npm http fetch GET 200 https://registry.npmjs.org/colorette 342ms (cache revalidated)
npm http fetch GET 200 https://registry.npmjs.org/is-path-inside 350ms (cache revalidated)
npm http fetch GET 200 https://registry.npmjs.org/through 339ms (cache revalidated)
npm http fetch GET 200 https://registry.npmjs.org/merge-stream 382ms (cache revalidated)
npm http fetch GET 200 https://registry.npmjs.org/cli-truncate 351ms (cache revalidated)
npm http fetch GET 200 https://registry.npmjs.org/at-least-node 375ms (cache revalidated)
npm http fetch GET 200 https://registry.npmjs.org/throttleit 333ms (cache revalidated)
npm http fetch GET 200 https://registry.npmjs.org/is-unicode-supported 342ms (cache revalidated)
npm http fetch GET 200 https://registry.npmjs.org/p-map 357ms (cache revalidated)
npm http fetch GET 200 https://registry.npmjs.org/rxjs 358ms (cache revalidated)
npm http fetch GET 200 https://registry.npmjs.org/global-dirs 381ms (cache revalidated)
npm http fetch GET 200 https://registry.npmjs.org/lru-cache 348ms (cache revalidated)
npm http fetch GET 200 https://registry.npmjs.org/rfdc 375ms (cache revalidated)
npm http fetch GET 200 https://registry.npmjs.org/wrap-ansi 371ms (cache revalidated)
npm http fetch GET 200 https://registry.npmjs.org/fd-slicer 350ms (cache revalidated)
npm http fetch GET 200 https://registry.npmjs.org/assert-plus 118ms (cache revalidated)
npm http fetch GET 200 https://registry.npmjs.org/jsprim 122ms (cache revalidated)
npm http fetch GET 200 https://registry.npmjs.org/side-channel 119ms (cache revalidated)
npm http fetch GET 200 https://registry.npmjs.org/sshpk 135ms (cache revalidated)
npm http fetch GET 200 https://registry.npmjs.org/delayed-stream 160ms (cache revalidated)
npm http fetch GET 200 https://registry.npmjs.org/asynckit 154ms (cache revalidated)
npm http fetch GET 200 https://registry.npmjs.org/url-parse 124ms (cache revalidated)
npm http fetch GET 200 https://registry.npmjs.org/punycode 136ms (cache revalidated)
npm http fetch GET 200 https://registry.npmjs.org/psl 138ms (cache revalidated)
npm http fetch GET 200 https://registry.npmjs.org/mime-db 150ms (cache revalidated)
npm http fetch GET 200 https://registry.npmjs.org/file-type 95ms (cache revalidated)
npm http fetch GET 200 https://registry.npmjs.org/file-type 111ms (cache revalidated)
npm http fetch GET 200 https://registry.npmjs.org/unbzip2-stream 112ms (cache revalidated)
npm http fetch GET 200 https://registry.npmjs.org/file-type 129ms (cache revalidated)
npm http fetch GET 200 https://registry.npmjs.org/seek-bzip 129ms (cache revalidated)
npm http fetch GET 200 https://registry.npmjs.org/is-natural-number 115ms (cache revalidated)
npm http fetch GET 200 https://registry.npmjs.org/buffer-alloc 60ms (cache revalidated)
npm http fetch GET 200 https://registry.npmjs.org/to-buffer 76ms (cache revalidated)
npm http fetch GET 200 https://registry.npmjs.org/xtend 126ms (cache revalidated)
npm http fetch GET 200 https://registry.npmjs.org/object-assign 65ms (cache revalidated)
npm http fetch GET 200 https://registry.npmjs.org/pinkie-promise 93ms (cache revalidated)
npm http fetch GET 200 https://registry.npmjs.org/ansi-regex 104ms (cache revalidated)
npm http fetch GET 200 https://registry.npmjs.org/path-key 77ms (cache revalidated)
npm http fetch GET 200 https://registry.npmjs.org/mimic-fn 74ms (cache revalidated)
npm http fetch GET 200 https://registry.npmjs.org/path-key 85ms (cache revalidated)
npm http fetch GET 200 https://registry.npmjs.org/which 105ms (cache revalidated)
npm http fetch GET 200 https://registry.npmjs.org/pump 117ms (cache revalidated)
npm http fetch GET 200 https://registry.npmjs.org/shebang-command 127ms (cache revalidated)
npm http fetch GET 200 https://registry.npmjs.org/isexe 52ms (cache revalidated)
npm http fetch GET 200 https://registry.npmjs.org/shebang-regex 70ms (cache revalidated)
npm http fetch GET 200 https://registry.npmjs.org/undici-types 179ms (cache revalidated)
npm http fetch GET 200 https://registry.npmjs.org/pinkie 79ms (cache revalidated)
npm http fetch GET 200 https://registry.npmjs.org/brace-expansion 69ms (cache revalidated)
npm http fetch GET 200 https://registry.npmjs.org/wrappy 80ms (cache revalidated)
npm http fetch GET 200 https://registry.npmjs.org/bcrypt-pbkdf 89ms (cache revalidated)
npm http fetch GET 200 https://registry.npmjs.org/verror 99ms (cache revalidated)
npm http fetch GET 200 https://registry.npmjs.org/json-schema 100ms (cache revalidated)
npm http fetch GET 200 https://registry.npmjs.org/asn1 97ms (cache revalidated)
npm http fetch GET 200 https://registry.npmjs.org/dashdash 101ms (cache revalidated)
npm http fetch GET 200 https://registry.npmjs.org/jsbn 99ms (cache revalidated)
npm http fetch GET 200 https://registry.npmjs.org/ecc-jsbn 103ms (cache revalidated)
npm http fetch GET 200 https://registry.npmjs.org/extsprintf 118ms (cache revalidated)
npm http fetch GET 200 https://registry.npmjs.org/tweetnacl 110ms (cache revalidated)
npm http fetch GET 200 https://registry.npmjs.org/getpass 120ms (cache revalidated)
npm http fetch GET 200 https://registry.npmjs.org/safer-buffer 141ms (cache revalidated)
npm http fetch GET 200 https://registry.npmjs.org/aggregate-error 73ms (cache revalidated)
npm http fetch GET 200 https://registry.npmjs.org/ansi-escapes 95ms (cache revalidated)
npm http fetch GET 200 https://registry.npmjs.org/tslib 217ms (cache revalidated)
npm http fetch GET 200 https://registry.npmjs.org/astral-regex 74ms (cache revalidated)
npm http fetch GET 200 https://registry.npmjs.org/type-fest 100ms (cache revalidated)
npm http fetch GET 200 https://registry.npmjs.org/balanced-match 84ms (cache revalidated)
npm http fetch GET 200 https://registry.npmjs.org/concat-map 85ms (cache revalidated)
npm http fetch GET 200 https://registry.npmjs.org/fsevents 89ms (cache revalidated)
npm http fetch GET 200 https://registry.npmjs.org/readdirp 90ms (cache revalidated)
npm http fetch GET 200 https://registry.npmjs.org/locate-path 92ms (cache revalidated)
npm http fetch GET 200 https://registry.npmjs.org/is-glob 98ms (cache revalidated)
npm http fetch GET 200 https://registry.npmjs.org/path-exists 99ms (cache revalidated)
npm http fetch GET 200 https://registry.npmjs.org/braces 108ms (cache revalidated)
npm http fetch GET 200 https://registry.npmjs.org/is-binary-path 111ms (cache revalidated)
npm http fetch GET 200 https://registry.npmjs.org/escalade 99ms (cache revalidated)
npm http fetch GET 200 https://registry.npmjs.org/glob-parent 115ms (cache revalidated)
npm http fetch GET 200 https://registry.npmjs.org/argparse 114ms (cache revalidated)
npm http fetch GET 200 https://registry.npmjs.org/anymatch 133ms (cache revalidated)
npm http fetch GET 200 https://registry.npmjs.org/flat 115ms (cache revalidated)
npm http fetch GET 200 https://registry.npmjs.org/camelcase 117ms (cache revalidated)
npm http fetch GET 200 https://registry.npmjs.org/randombytes 125ms (cache revalidated)
npm http fetch GET 200 https://registry.npmjs.org/is-plain-obj 126ms (cache revalidated)
npm http fetch GET 200 https://registry.npmjs.org/fill-range 87ms (cache revalidated)
npm http fetch GET 200 https://registry.npmjs.org/binary-extensions 86ms (cache revalidated)
npm http fetch GET 200 https://registry.npmjs.org/picomatch 82ms (cache revalidated)
npm http fetch GET 200 https://registry.npmjs.org/picomatch 90ms (cache revalidated)
npm http fetch GET 200 https://registry.npmjs.org/is-extglob 107ms (cache revalidated)
npm http fetch GET 200 https://registry.npmjs.org/to-regex-range 91ms (cache revalidated)
npm http fetch GET 200 https://registry.npmjs.org/is-number 57ms (cache revalidated)
npm http fetch GET 200 https://registry.npmjs.org/p-locate 86ms (cache revalidated)
npm http fetch GET 200 https://registry.npmjs.org/p-limit 86ms (cache revalidated)
npm http fetch GET 200 https://registry.npmjs.org/easy-stack 131ms (cache revalidated)
npm http fetch GET 200 https://registry.npmjs.org/yocto-queue 75ms (cache revalidated)
npm http fetch GET 200 https://registry.npmjs.org/indent-string 50ms (cache revalidated)
npm http fetch GET 200 https://registry.npmjs.org/clean-stack 127ms (cache revalidated)
npm http fetch GET 200 https://registry.npmjs.org/duplexer 68ms (cache revalidated)
npm http fetch GET 200 https://registry.npmjs.org/map-stream 76ms (cache revalidated)
npm http fetch GET 200 https://registry.npmjs.org/split 76ms (cache revalidated)
npm http fetch GET 200 https://registry.npmjs.org/from 85ms (cache revalidated)
npm http fetch GET 200 https://registry.npmjs.org/stream-combiner 92ms (cache revalidated)
npm http fetch GET 200 https://registry.npmjs.org/pause-stream 120ms (cache revalidated)
npm http fetch GET 200 https://registry.npmjs.org/get-intrinsic 66ms (cache revalidated)
npm http fetch GET 200 https://registry.npmjs.org/es-errors 69ms (cache revalidated)
npm http fetch GET 200 https://registry.npmjs.org/object-inspect 70ms (cache revalidated)
npm http fetch GET 200 https://registry.npmjs.org/call-bind 82ms (cache revalidated)
npm http fetch GET 200 https://registry.npmjs.org/har-schema 77ms (cache revalidated)
npm http fetch GET 200 https://registry.npmjs.org/json-schema-traverse 65ms (cache revalidated)
npm http fetch GET 200 https://registry.npmjs.org/fast-json-stable-stringify 72ms (cache revalidated)
npm http fetch GET 200 https://registry.npmjs.org/uri-js 75ms (cache revalidated)
npm http fetch GET 200 https://registry.npmjs.org/fast-deep-equal 84ms (cache revalidated)
npm http fetch GET 200 https://registry.npmjs.org/yallist 85ms (cache revalidated)
npm http fetch GET 200 https://registry.npmjs.org/has-proto 62ms (cache revalidated)
npm http fetch GET 200 https://registry.npmjs.org/has-symbols 63ms (cache revalidated)
npm http fetch GET 200 https://registry.npmjs.org/set-function-length 73ms (cache revalidated)
npm http fetch GET 200 https://registry.npmjs.org/function-bind 81ms (cache revalidated)
npm http fetch GET 200 https://registry.npmjs.org/hasown 77ms (cache revalidated)
npm http fetch GET 200 https://registry.npmjs.org/gopd 63ms (cache revalidated)
npm http fetch GET 200 https://registry.npmjs.org/define-data-property 78ms (cache revalidated)
npm http fetch GET 200 https://registry.npmjs.org/has-property-descriptors 83ms (cache revalidated)
npm http fetch GET 200 https://registry.npmjs.org/requires-port 58ms (cache revalidated)
npm http fetch GET 200 https://registry.npmjs.org/querystringify 65ms (cache revalidated)
npm http fetch GET 200 https://registry.npmjs.org/dot-prop 91ms (cache revalidated)
npm http fetch GET 200 https://registry.npmjs.org/cli-boxes 100ms (cache revalidated)
npm http fetch GET 200 https://registry.npmjs.org/escape-goat 78ms (cache revalidated)
npm http fetch GET 200 https://registry.npmjs.org/ansi-align 110ms (cache revalidated)
npm http fetch GET 200 https://registry.npmjs.org/widest-line 163ms (cache revalidated)
npm http fetch GET 200 https://registry.npmjs.org/unique-string 163ms (cache revalidated)
npm http fetch GET 200 https://registry.npmjs.org/package-json 150ms (cache revalidated)
npm http fetch GET 200 https://registry.npmjs.org/write-file-atomic 168ms (cache revalidated)
npm http fetch GET 200 https://registry.npmjs.org/crypto-random-string 87ms (cache revalidated)
npm http fetch GET 200 https://registry.npmjs.org/is-obj 112ms (cache revalidated)
npm http fetch GET 200 https://registry.npmjs.org/imurmurhash 97ms (cache revalidated)
npm http fetch GET 200 https://registry.npmjs.org/typedarray-to-buffer 95ms (cache revalidated)
npm http fetch GET 200 https://registry.npmjs.org/registry-url 100ms (cache revalidated)
npm http fetch GET 200 https://registry.npmjs.org/got 112ms (cache revalidated)
npm http fetch GET 200 https://registry.npmjs.org/registry-auth-token 130ms (cache revalidated)
npm http fetch GET 200 https://registry.npmjs.org/cacheable-request 109ms (cache revalidated)
npm http fetch GET 200 https://registry.npmjs.org/lowercase-keys 123ms (cache revalidated)
npm http fetch GET 200 https://registry.npmjs.org/rc 117ms (cache revalidated)
npm http fetch GET 200 https://registry.npmjs.org/duplexer3 130ms (cache revalidated)
npm http fetch GET 200 https://registry.npmjs.org/rc 126ms (cache revalidated)
npm http fetch GET 200 https://registry.npmjs.org/decompress-response 140ms (cache revalidated)
npm http fetch GET 200 https://registry.npmjs.org/url-parse-lax 143ms (cache revalidated)
npm http fetch GET 200 https://registry.npmjs.org/p-cancelable 147ms (cache revalidated)
npm http fetch GET 200 https://registry.npmjs.org/to-readable-stream 158ms (cache revalidated)
npm http fetch GET 200 https://registry.npmjs.org/mimic-response 171ms (cache revalidated)
npm http fetch GET 200 https://registry.npmjs.org/@szmarczak%2fhttp-timer 245ms (cache revalidated)
npm http fetch GET 200 https://registry.npmjs.org/@sindresorhus%2fis 376ms (cache revalidated)
npm http fetch GET 200 https://registry.npmjs.org/responselike 88ms (cache revalidated)
npm http fetch GET 200 https://registry.npmjs.org/clone-response 98ms (cache revalidated)
npm http fetch GET 200 https://registry.npmjs.org/defer-to-connect 102ms (cache revalidated)
npm http fetch GET 200 https://registry.npmjs.org/http-cache-semantics 100ms (cache revalidated)
npm http fetch GET 200 https://registry.npmjs.org/prepend-http 109ms (cache revalidated)
npm http fetch GET 200 https://registry.npmjs.org/normalize-url 120ms (cache revalidated)
npm http fetch GET 200 https://registry.npmjs.org/keyv 123ms (cache revalidated)
npm http fetch GET 200 https://registry.npmjs.org/json-buffer 73ms (cache revalidated)
npm http fetch GET 200 https://registry.npmjs.org/deep-extend 64ms (cache revalidated)
npm http fetch GET 200 https://registry.npmjs.org/pend 103ms (cache revalidated)
npm http fetch GET 200 https://registry.npmjs.org/crc32-stream 57ms (cache revalidated)
npm http fetch GET 200 https://registry.npmjs.org/crc-32 57ms (cache revalidated)
npm http fetch GET 200 https://registry.npmjs.org/buffer-alloc-unsafe 71ms (cache revalidated)
npm http fetch GET 200 https://registry.npmjs.org/buffer-fill 70ms (cache revalidated)
npm http fetch GET 200 https://registry.npmjs.org/p-try 62ms (cache revalidated)
npm verb reify failed optional dependency C:\Users\m.falcic\Desktop\browserStack\tmpBstackPackages\node_modules\fsevents
npm http fetch POST 200 https://registry.npmjs.org/-/npm/v1/security/advisories/bulk 1627ms
npm WARN deprecated har-validator@5.1.5: this library is no longer supported
npm WARN deprecated uuid@3.4.0: Please upgrade  to version 7 or higher.  Older versions may use Math.random() in certain circumstances, which is known to be problematic.  See https://v8.dev/blog/math-random for details.
npm WARN deprecated request@2.88.2: request has been deprecated, see https://github.com/request/request/issues/3142
